<?xml version="1.0" encoding="UTF-8"?>
<!-- Generated by org.testng.reporters.JUnitReportReporter -->
<testsuite skipped="0" hostname="Jyothi" name="TestNG.Login" tests="4" failures="0" timestamp="2023-06-29T20:59:01 IST" time="35.562" errors="0">
  <testcase name="verifyLoginWithValidCredientials" time="8.263" classname="TestNG.Login"/>
  <system-out/>
  <testcase name="verifyLoginWithValidCredientials" time="8.884" classname="TestNG.Login"/>
  <system-out/>
  <testcase name="verifyLoginWithValidCredientials" time="9.373" classname="TestNG.Login"/>
  <system-out/>
  <testcase name="verifyLoginWithInValidCredientials" time="9.042" classname="TestNG.Login"/>
  <system-out/>
</testsuite> <!-- TestNG.Login -->
