<?xml version="1.0" encoding="UTF-8"?>
<!-- Generated by org.testng.reporters.JUnitReportReporter -->
<testsuite skipped="0" hostname="Jyothi" name="TestNG.Register" tests="1" failures="0" timestamp="2023-06-29T20:59:01 IST" time="17.466" errors="0">
  <testcase name="register" time="17.466" classname="TestNG.Register"/>
  <system-out/>
</testsuite> <!-- TestNG.Register -->
